The following modules were not unloaded:
  (Use "module --force purge" to unload all):

  1) CCconfig        6)  ucx/1.14.1         11) flexiblas/3.3.1
  2) gentoo/2023     7)  libfabric/1.18.0   12) imkl/2023.2.0
  3) gcccore/.12.3   8)  pmix/4.2.4         13) StdEnv/2023
  4) gcc/12.3        9)  ucc/1.2.0
  5) hwloc/2.9.1     10) openmpi/4.1.5
Running iteration 1
2024-07-06 02:53:04.285618: I tensorflow/core/platform/cpu_feature_guard.cc:210] This TensorFlow binary is optimized to use available CPU instructions in performance-critical operations.
To enable the following instructions: AVX2 FMA, in other operations, rebuild TensorFlow with the appropriate compiler flags.
/localscratch/spool/slurmd/job36215046/slurm_script: line 20: 3638322 Killed                  python content_classifier_iot23.py $i
Running iteration 2
2024-07-06 02:55:43.512556: I tensorflow/core/platform/cpu_feature_guard.cc:210] This TensorFlow binary is optimized to use available CPU instructions in performance-critical operations.
To enable the following instructions: AVX2 FMA, in other operations, rebuild TensorFlow with the appropriate compiler flags.
/localscratch/spool/slurmd/job36215046/slurm_script: line 20: 3638398 Killed                  python content_classifier_iot23.py $i
Running iteration 3
2024-07-06 02:57:44.901440: I tensorflow/core/platform/cpu_feature_guard.cc:210] This TensorFlow binary is optimized to use available CPU instructions in performance-critical operations.
To enable the following instructions: AVX2 FMA, in other operations, rebuild TensorFlow with the appropriate compiler flags.
/localscratch/spool/slurmd/job36215046/slurm_script: line 20: 3638483 Killed                  python content_classifier_iot23.py $i
slurmstepd: error: Detected 3 oom_kill events in StepId=36215046.batch. Some of the step tasks have been OOM Killed.
