Lmod Warning: Warning, April 3rd 2024, the default standard environment module
will be changed to a more recent one.
To test your jobs with the new environment, please run:
module load StdEnv/2023

To change your default version immediately, please run the following command:

echo "module-version StdEnv/2023 default" >> $HOME/.modulerc

For more information, please see:
https://docs.computecanada.ca/wiki/Standard_software_environments 
While processing the following module(s):
    Module fullname  Module Filename
    ---------------  ---------------
    StdEnv/2020      /cvmfs/soft.computecanada.ca/custom/modules/StdEnv/2020.lua

The following modules were not unloaded:
  (Use "module --force purge" to unload all):

  1) CCconfig         4) imkl/2020.1.217    7) libfabric/1.10.1
  2) gentoo/2020      5) intel/2020.1.217   8) openmpi/4.0.3
  3) gcccore/.9.3.0   6) ucx/1.8.0          9) StdEnv/2020
Processing file: ./iot_2023_csv/BenignTraffic3_2.csv
Processing file: ./iot_2023_csv/Mirai_plainudp1.csv
Processing file: ./iot_2023_csv/Mirai_plainudp3.csv
Processing file: ./iot_2023_csv/Mirai_plainudp2.csv
Processing file: ./iot_2023_csv/BenignTraffic3_3.csv
Processing file: ./iot_2023_csv/BenignTraffic3_1.csv
